2017-11-24 03:50:58,432 - ResourceManager : found /templates/footer.html with loader org.apache.velocity.runtime.resource.loader.ClasspathResourceLoader
2017-11-24 03:50:58,467 - Log4JLogChute initialized using file '.\Reports\GeneratdReports\Production\2017-11-24\velocity.log'
2017-11-24 03:50:58,467 - Initializing Velocity, Calling init()...
2017-11-24 03:50:58,467 - Starting Apache Velocity v1.7 (compiled: 2010-11-19 12:14:37)
2017-11-24 03:50:58,467 - Default Properties File: org\apache\velocity\runtime\defaults\velocity.properties
2017-11-24 03:50:58,467 - Trying to use logger class org.apache.velocity.runtime.log.AvalonLogChute
2017-11-24 03:50:58,467 - Target log system for org.apache.velocity.runtime.log.AvalonLogChute is not available (java.lang.NoClassDefFoundError: org/apache/log/format/Formatter).  Falling back to next log system...
2017-11-24 03:50:58,467 - Trying to use logger class org.apache.velocity.runtime.log.Log4JLogChute
2017-11-24 03:50:58,467 - Using logger class org.apache.velocity.runtime.log.Log4JLogChute
2017-11-24 03:50:58,467 - ResourceLoader instantiated: org.apache.velocity.runtime.resource.loader.ClasspathResourceLoader
2017-11-24 03:50:58,467 - ResourceCache: initialized (class org.apache.velocity.runtime.resource.ResourceCacheImpl) with class java.util.Collections$SynchronizedMap cache map.
2017-11-24 03:50:58,468 - Loaded System Directive: org.apache.velocity.runtime.directive.Stop
2017-11-24 03:50:58,468 - Loaded System Directive: org.apache.velocity.runtime.directive.Define
2017-11-24 03:50:58,468 - Loaded System Directive: org.apache.velocity.runtime.directive.Break
2017-11-24 03:50:58,468 - Loaded System Directive: org.apache.velocity.runtime.directive.Evaluate
2017-11-24 03:50:58,468 - Loaded System Directive: org.apache.velocity.runtime.directive.Literal
2017-11-24 03:50:58,468 - Loaded System Directive: org.apache.velocity.runtime.directive.Macro
2017-11-24 03:50:58,468 - Loaded System Directive: org.apache.velocity.runtime.directive.Parse
2017-11-24 03:50:58,468 - Loaded System Directive: org.apache.velocity.runtime.directive.Include
2017-11-24 03:50:58,469 - Loaded System Directive: org.apache.velocity.runtime.directive.Foreach
2017-11-24 03:50:58,470 - Created '20' parsers.
2017-11-24 03:50:58,470 - Velocimacro : "velocimacro.library" is not set.  Trying default library: VM_global_library.vm
2017-11-24 03:50:58,470 - Could not load resource 'VM_global_library.vm' from ResourceLoader org.apache.velocity.runtime.resource.loader.ClasspathResourceLoader: ClasspathResourceLoader Error: cannot find resource VM_global_library.vm
2017-11-24 03:50:58,470 - Velocimacro : Default library not found.
2017-11-24 03:50:58,470 - Velocimacro : allowInline = true : VMs can be defined inline in templates
2017-11-24 03:50:58,470 - Velocimacro : allowInlineToOverride = false : VMs defined inline may NOT replace previous VM definitions
2017-11-24 03:50:58,470 - Velocimacro : allowInlineLocal = false : VMs defined inline will be global in scope if allowed.
2017-11-24 03:50:58,470 - Velocimacro : autoload off : VM system will not automatically reload global library macros
2017-11-24 03:50:58,472 - ResourceManager : found templates/generators/featureReport.vm with loader org.apache.velocity.runtime.resource.loader.ClasspathResourceLoader
2017-11-24 03:50:58,476 - ResourceManager : found /templates/headers.vm with loader org.apache.velocity.runtime.resource.loader.ClasspathResourceLoader
2017-11-24 03:50:58,477 - ResourceManager : found /templates/head.html with loader org.apache.velocity.runtime.resource.loader.ClasspathResourceLoader
2017-11-24 03:50:58,478 - Velocimacro : added VM includeTitle: source=/templates/macros/page/title.vm
2017-11-24 03:50:58,478 - ResourceManager : found /templates/macros/page/title.vm with loader org.apache.velocity.runtime.resource.loader.ClasspathResourceLoader
2017-11-24 03:50:58,479 - Velocimacro : added VM includeNavigation: source=/templates/macros/page/navigation.vm
2017-11-24 03:50:58,479 - ResourceManager : found /templates/macros/page/navigation.vm with loader org.apache.velocity.runtime.resource.loader.ClasspathResourceLoader
2017-11-24 03:50:58,480 - Velocimacro : added VM includeBuildInfo: source=/templates/macros/page/buildinfo.vm
2017-11-24 03:50:58,480 - ResourceManager : found /templates/macros/page/buildinfo.vm with loader org.apache.velocity.runtime.resource.loader.ClasspathResourceLoader
2017-11-24 03:50:58,481 - Velocimacro : added VM includeLead: source=/templates/macros/page/lead.vm
2017-11-24 03:50:58,481 - ResourceManager : found /templates/macros/page/lead.vm with loader org.apache.velocity.runtime.resource.loader.ClasspathResourceLoader
2017-11-24 03:50:58,483 - Velocimacro : added VM includeStatsTable: source=/templates/macros/report/statsTable.vm
2017-11-24 03:50:58,484 - ResourceManager : found /templates/macros/report/statsTable.vm with loader org.apache.velocity.runtime.resource.loader.ClasspathResourceLoader
2017-11-24 03:50:58,485 - Velocimacro : added VM includeReportTable: source=/templates/macros/report/reportTable.vm
2017-11-24 03:50:58,486 - ResourceManager : found /templates/macros/report/reportTable.vm with loader org.apache.velocity.runtime.resource.loader.ClasspathResourceLoader
2017-11-24 03:50:58,487 - Velocimacro : added VM includeReportHeader: source=/templates/macros/report/reportHeader.vm
2017-11-24 03:50:58,487 - ResourceManager : found /templates/macros/report/reportHeader.vm with loader org.apache.velocity.runtime.resource.loader.ClasspathResourceLoader
2017-11-24 03:50:58,497 - Velocimacro : added VM includeElements: source=/templates/macros/report/elements.vm
2017-11-24 03:50:58,498 - ResourceManager : found /templates/macros/report/elements.vm with loader org.apache.velocity.runtime.resource.loader.ClasspathResourceLoader
2017-11-24 03:50:58,509 - Velocimacro : added VM includeBrief: source=/templates/macros/report/brief.vm
2017-11-24 03:50:58,509 - ResourceManager : found /templates/macros/report/brief.vm with loader org.apache.velocity.runtime.resource.loader.ClasspathResourceLoader
2017-11-24 03:50:58,511 - Velocimacro : added VM includeTags: source=/templates/macros/report/tags.vm
2017-11-24 03:50:58,511 - ResourceManager : found /templates/macros/report/tags.vm with loader org.apache.velocity.runtime.resource.loader.ClasspathResourceLoader
2017-11-24 03:50:58,514 - Velocimacro : added VM includeEmbeddings: source=/templates/macros/report/embeddings.vm
2017-11-24 03:50:58,514 - Velocimacro : added VM includeImageEmbedding: source=/templates/macros/report/embeddings.vm
2017-11-24 03:50:58,515 - Velocimacro : added VM includeMonochromeTextEmbedding: source=/templates/macros/report/embeddings.vm
2017-11-24 03:50:58,515 - Velocimacro : added VM includePlainTextEmbedding: source=/templates/macros/report/embeddings.vm
2017-11-24 03:50:58,515 - Velocimacro : added VM includeUnknownEmbedding: source=/templates/macros/report/embeddings.vm
2017-11-24 03:50:58,515 - Velocimacro : added VM includeExpandableEmbedding: source=/templates/macros/report/embeddings.vm
2017-11-24 03:50:58,515 - ResourceManager : found /templates/macros/report/embeddings.vm with loader org.apache.velocity.runtime.resource.loader.ClasspathResourceLoader
2017-11-24 03:50:58,518 - Velocimacro : added VM includeHooks: source=/templates/macros/report/hooks.vm
2017-11-24 03:50:58,518 - ResourceManager : found /templates/macros/report/hooks.vm with loader org.apache.velocity.runtime.resource.loader.ClasspathResourceLoader
2017-11-24 03:50:58,519 - Velocimacro : added VM includeDuration: source=/templates/macros/report/duration.vm
2017-11-24 03:50:58,520 - ResourceManager : found /templates/macros/report/duration.vm with loader org.apache.velocity.runtime.resource.loader.ClasspathResourceLoader
2017-11-24 03:50:58,520 - Velocimacro : added VM includeMessage: source=/templates/macros/report/message.vm
2017-11-24 03:50:58,521 - ResourceManager : found /templates/macros/report/message.vm with loader org.apache.velocity.runtime.resource.loader.ClasspathResourceLoader
2017-11-24 03:50:58,523 - VM #includeNavigation: too few arguments to macro. Wanted 1 got 0
2017-11-24 03:50:58,524 - Left side ($active_tab) of '==' operation has null value. If it is a reference, it may not be in the context or its toString() returned null. /templates/macros/page/navigation.vm[line 14, column 51]
2017-11-24 03:50:58,524 - Left side ($active_tab) of '==' operation has null value. If it is a reference, it may not be in the context or its toString() returned null. /templates/macros/page/navigation.vm[line 15, column 51]
2017-11-24 03:50:58,524 - Left side ($active_tab) of '==' operation has null value. If it is a reference, it may not be in the context or its toString() returned null. /templates/macros/page/navigation.vm[line 16, column 51]
2017-11-24 03:50:58,524 - VM #includeLead: too few arguments to macro. Wanted 2 got 1
2017-11-24 03:50:58,526 - VM #includeBrief: too few arguments to macro. Wanted 5 got 3
2017-11-24 03:50:58,527 - VM #includeBrief: too few arguments to macro. Wanted 5 got 4
2017-11-24 03:50:58,620 - VM #includeBrief: too few arguments to macro. Wanted 5 got 4
2017-11-24 03:50:58,653 - VM #includeBrief: too few arguments to macro. Wanted 5 got 4
2017-11-24 03:50:58,677 - VM #includeBrief: too few arguments to macro. Wanted 5 got 4
2017-11-24 03:50:58,678 - VM #includeBrief: too few arguments to macro. Wanted 5 got 4
2017-11-24 03:50:58,679 - VM #includeBrief: too few arguments to macro. Wanted 5 got 4
2017-11-24 03:50:58,680 - VM #includeBrief: too few arguments to macro. Wanted 5 got 4
2017-11-24 03:50:58,692 - VM #includeBrief: too few arguments to macro. Wanted 5 got 4
2017-11-24 03:50:58,694 - ResourceManager : found /templates/footer.html with loader org.apache.velocity.runtime.resource.loader.ClasspathResourceLoader
2017-11-24 03:50:58,796 - Log4JLogChute initialized using file '.\Reports\GeneratdReports\Production\2017-11-24\velocity.log'
2017-11-24 03:50:58,796 - Initializing Velocity, Calling init()...
2017-11-24 03:50:58,796 - Starting Apache Velocity v1.7 (compiled: 2010-11-19 12:14:37)
2017-11-24 03:50:58,796 - Default Properties File: org\apache\velocity\runtime\defaults\velocity.properties
2017-11-24 03:50:58,797 - Trying to use logger class org.apache.velocity.runtime.log.AvalonLogChute
2017-11-24 03:50:58,797 - Target log system for org.apache.velocity.runtime.log.AvalonLogChute is not available (java.lang.NoClassDefFoundError: org/apache/log/format/Formatter).  Falling back to next log system...
2017-11-24 03:50:58,797 - Trying to use logger class org.apache.velocity.runtime.log.Log4JLogChute
2017-11-24 03:50:58,797 - Using logger class org.apache.velocity.runtime.log.Log4JLogChute
2017-11-24 03:50:58,797 - ResourceLoader instantiated: org.apache.velocity.runtime.resource.loader.ClasspathResourceLoader
2017-11-24 03:50:58,797 - ResourceCache: initialized (class org.apache.velocity.runtime.resource.ResourceCacheImpl) with class java.util.Collections$SynchronizedMap cache map.
2017-11-24 03:50:58,797 - Loaded System Directive: org.apache.velocity.runtime.directive.Stop
2017-11-24 03:50:58,798 - Loaded System Directive: org.apache.velocity.runtime.directive.Define
2017-11-24 03:50:58,798 - Loaded System Directive: org.apache.velocity.runtime.directive.Break
2017-11-24 03:50:58,798 - Loaded System Directive: org.apache.velocity.runtime.directive.Evaluate
2017-11-24 03:50:58,798 - Loaded System Directive: org.apache.velocity.runtime.directive.Literal
2017-11-24 03:50:58,798 - Loaded System Directive: org.apache.velocity.runtime.directive.Macro
2017-11-24 03:50:58,798 - Loaded System Directive: org.apache.velocity.runtime.directive.Parse
2017-11-24 03:50:58,798 - Loaded System Directive: org.apache.velocity.runtime.directive.Include
2017-11-24 03:50:58,798 - Loaded System Directive: org.apache.velocity.runtime.directive.Foreach
2017-11-24 03:50:58,799 - Created '20' parsers.
2017-11-24 03:50:58,799 - Velocimacro : "velocimacro.library" is not set.  Trying default library: VM_global_library.vm
2017-11-24 03:50:58,799 - Could not load resource 'VM_global_library.vm' from ResourceLoader org.apache.velocity.runtime.resource.loader.ClasspathResourceLoader: ClasspathResourceLoader Error: cannot find resource VM_global_library.vm
2017-11-24 03:50:58,799 - Velocimacro : Default library not found.
2017-11-24 03:50:58,799 - Velocimacro : allowInline = true : VMs can be defined inline in templates
2017-11-24 03:50:58,799 - Velocimacro : allowInlineToOverride = false : VMs defined inline may NOT replace previous VM definitions
2017-11-24 03:50:58,799 - Velocimacro : allowInlineLocal = false : VMs defined inline will be global in scope if allowed.
2017-11-24 03:50:58,799 - Velocimacro : autoload off : VM system will not automatically reload global library macros
2017-11-24 03:50:58,833 - ResourceManager : found templates/generators/tagsOverview.vm with loader org.apache.velocity.runtime.resource.loader.ClasspathResourceLoader
2017-11-24 03:50:58,835 - ResourceManager : found /templates/headers.vm with loader org.apache.velocity.runtime.resource.loader.ClasspathResourceLoader
2017-11-24 03:50:58,835 - ResourceManager : found /templates/head.html with loader org.apache.velocity.runtime.resource.loader.ClasspathResourceLoader
2017-11-24 03:50:58,836 - Velocimacro : added VM includeTitle: source=/templates/macros/page/title.vm
2017-11-24 03:50:58,836 - ResourceManager : found /templates/macros/page/title.vm with loader org.apache.velocity.runtime.resource.loader.ClasspathResourceLoader
2017-11-24 03:50:58,837 - Velocimacro : added VM includeNavigation: source=/templates/macros/page/navigation.vm
2017-11-24 03:50:58,837 - ResourceManager : found /templates/macros/page/navigation.vm with loader org.apache.velocity.runtime.resource.loader.ClasspathResourceLoader
2017-11-24 03:50:58,837 - Velocimacro : added VM includeBuildInfo: source=/templates/macros/page/buildinfo.vm
2017-11-24 03:50:58,837 - ResourceManager : found /templates/macros/page/buildinfo.vm with loader org.apache.velocity.runtime.resource.loader.ClasspathResourceLoader
2017-11-24 03:50:58,837 - Velocimacro : added VM includeLead: source=/templates/macros/page/lead.vm
2017-11-24 03:50:58,838 - ResourceManager : found /templates/macros/page/lead.vm with loader org.apache.velocity.runtime.resource.loader.ClasspathResourceLoader
2017-11-24 03:50:58,839 - Velocimacro : added VM includeStatsTable: source=/templates/macros/report/statsTable.vm
2017-11-24 03:50:58,839 - ResourceManager : found /templates/macros/report/statsTable.vm with loader org.apache.velocity.runtime.resource.loader.ClasspathResourceLoader
2017-11-24 03:50:58,840 - Velocimacro : added VM includeReportTable: source=/templates/macros/report/reportTable.vm
2017-11-24 03:50:58,840 - ResourceManager : found /templates/macros/report/reportTable.vm with loader org.apache.velocity.runtime.resource.loader.ClasspathResourceLoader
2017-11-24 03:50:58,840 - Velocimacro : added VM includeReportHeader: source=/templates/macros/report/reportHeader.vm
2017-11-24 03:50:58,840 - ResourceManager : found /templates/macros/report/reportHeader.vm with loader org.apache.velocity.runtime.resource.loader.ClasspathResourceLoader
2017-11-24 03:50:58,841 - Velocimacro : added VM includeElements: source=/templates/macros/report/elements.vm
2017-11-24 03:50:58,841 - ResourceManager : found /templates/macros/report/elements.vm with loader org.apache.velocity.runtime.resource.loader.ClasspathResourceLoader
2017-11-24 03:50:58,842 - Velocimacro : added VM includeBrief: source=/templates/macros/report/brief.vm
2017-11-24 03:50:58,842 - ResourceManager : found /templates/macros/report/brief.vm with loader org.apache.velocity.runtime.resource.loader.ClasspathResourceLoader
2017-11-24 03:50:58,842 - Velocimacro : added VM includeTags: source=/templates/macros/report/tags.vm
2017-11-24 03:50:58,842 - ResourceManager : found /templates/macros/report/tags.vm with loader org.apache.velocity.runtime.resource.loader.ClasspathResourceLoader
2017-11-24 03:50:58,844 - Velocimacro : added VM includeEmbeddings: source=/templates/macros/report/embeddings.vm
2017-11-24 03:50:58,844 - Velocimacro : added VM includeImageEmbedding: source=/templates/macros/report/embeddings.vm
2017-11-24 03:50:58,844 - Velocimacro : added VM includeMonochromeTextEmbedding: source=/templates/macros/report/embeddings.vm
2017-11-24 03:50:58,844 - Velocimacro : added VM includePlainTextEmbedding: source=/templates/macros/report/embeddings.vm
2017-11-24 03:50:58,844 - Velocimacro : added VM includeUnknownEmbedding: source=/templates/macros/report/embeddings.vm
2017-11-24 03:50:58,844 - Velocimacro : added VM includeExpandableEmbedding: source=/templates/macros/report/embeddings.vm
2017-11-24 03:50:58,844 - ResourceManager : found /templates/macros/report/embeddings.vm with loader org.apache.velocity.runtime.resource.loader.ClasspathResourceLoader
2017-11-24 03:50:58,846 - Velocimacro : added VM includeHooks: source=/templates/macros/report/hooks.vm
2017-11-24 03:50:58,846 - ResourceManager : found /templates/macros/report/hooks.vm with loader org.apache.velocity.runtime.resource.loader.ClasspathResourceLoader
2017-11-24 03:50:58,846 - Velocimacro : added VM includeDuration: source=/templates/macros/report/duration.vm
2017-11-24 03:50:58,846 - ResourceManager : found /templates/macros/report/duration.vm with loader org.apache.velocity.runtime.resource.loader.ClasspathResourceLoader
2017-11-24 03:50:58,847 - Velocimacro : added VM includeMessage: source=/templates/macros/report/message.vm
2017-11-24 03:50:58,847 - ResourceManager : found /templates/macros/report/message.vm with loader org.apache.velocity.runtime.resource.loader.ClasspathResourceLoader
2017-11-24 03:50:58,848 - ResourceManager : found /templates/footer.html with loader org.apache.velocity.runtime.resource.loader.ClasspathResourceLoader
2017-11-24 03:50:58,943 - Log4JLogChute initialized using file '.\Reports\GeneratdReports\Production\2017-11-24\velocity.log'
2017-11-24 03:50:58,943 - Initializing Velocity, Calling init()...
2017-11-24 03:50:58,943 - Starting Apache Velocity v1.7 (compiled: 2010-11-19 12:14:37)
2017-11-24 03:50:58,943 - Default Properties File: org\apache\velocity\runtime\defaults\velocity.properties
2017-11-24 03:50:58,943 - Trying to use logger class org.apache.velocity.runtime.log.AvalonLogChute
2017-11-24 03:50:58,943 - Target log system for org.apache.velocity.runtime.log.AvalonLogChute is not available (java.lang.NoClassDefFoundError: org/apache/log/format/Formatter).  Falling back to next log system...
2017-11-24 03:50:58,944 - Trying to use logger class org.apache.velocity.runtime.log.Log4JLogChute
2017-11-24 03:50:58,944 - Using logger class org.apache.velocity.runtime.log.Log4JLogChute
2017-11-24 03:50:58,944 - ResourceLoader instantiated: org.apache.velocity.runtime.resource.loader.ClasspathResourceLoader
2017-11-24 03:50:58,944 - ResourceCache: initialized (class org.apache.velocity.runtime.resource.ResourceCacheImpl) with class java.util.Collections$SynchronizedMap cache map.
2017-11-24 03:50:58,945 - Loaded System Directive: org.apache.velocity.runtime.directive.Stop
2017-11-24 03:50:58,945 - Loaded System Directive: org.apache.velocity.runtime.directive.Define
2017-11-24 03:50:58,945 - Loaded System Directive: org.apache.velocity.runtime.directive.Break
2017-11-24 03:50:58,945 - Loaded System Directive: org.apache.velocity.runtime.directive.Evaluate
2017-11-24 03:50:58,945 - Loaded System Directive: org.apache.velocity.runtime.directive.Literal
2017-11-24 03:50:58,945 - Loaded System Directive: org.apache.velocity.runtime.directive.Macro
2017-11-24 03:50:58,945 - Loaded System Directive: org.apache.velocity.runtime.directive.Parse
2017-11-24 03:50:58,945 - Loaded System Directive: org.apache.velocity.runtime.directive.Include
2017-11-24 03:50:58,945 - Loaded System Directive: org.apache.velocity.runtime.directive.Foreach
2017-11-24 03:50:58,948 - Created '20' parsers.
2017-11-24 03:50:58,948 - Velocimacro : "velocimacro.library" is not set.  Trying default library: VM_global_library.vm
2017-11-24 03:50:58,948 - Could not load resource 'VM_global_library.vm' from ResourceLoader org.apache.velocity.runtime.resource.loader.ClasspathResourceLoader: ClasspathResourceLoader Error: cannot find resource VM_global_library.vm
2017-11-24 03:50:58,948 - Velocimacro : Default library not found.
2017-11-24 03:50:58,948 - Velocimacro : allowInline = true : VMs can be defined inline in templates
2017-11-24 03:50:58,948 - Velocimacro : allowInlineToOverride = false : VMs defined inline may NOT replace previous VM definitions
2017-11-24 03:50:58,948 - Velocimacro : allowInlineLocal = false : VMs defined inline will be global in scope if allowed.
2017-11-24 03:50:58,948 - Velocimacro : autoload off : VM system will not automatically reload global library macros
2017-11-24 03:50:58,951 - ResourceManager : found templates/generators/tagReport.vm with loader org.apache.velocity.runtime.resource.loader.ClasspathResourceLoader
2017-11-24 03:50:58,967 - ResourceManager : found /templates/headers.vm with loader org.apache.velocity.runtime.resource.loader.ClasspathResourceLoader
2017-11-24 03:50:58,967 - ResourceManager : found /templates/head.html with loader org.apache.velocity.runtime.resource.loader.ClasspathResourceLoader
2017-11-24 03:50:58,978 - Velocimacro : added VM includeTitle: source=/templates/macros/page/title.vm
2017-11-24 03:50:58,978 - ResourceManager : found /templates/macros/page/title.vm with loader org.apache.velocity.runtime.resource.loader.ClasspathResourceLoader
2017-11-24 03:50:58,981 - Velocimacro : added VM includeNavigation: source=/templates/macros/page/navigation.vm
2017-11-24 03:50:58,981 - ResourceManager : found /templates/macros/page/navigation.vm with loader org.apache.velocity.runtime.resource.loader.ClasspathResourceLoader
2017-11-24 03:50:58,982 - Velocimacro : added VM includeBuildInfo: source=/templates/macros/page/buildinfo.vm
2017-11-24 03:50:58,982 - ResourceManager : found /templates/macros/page/buildinfo.vm with loader org.apache.velocity.runtime.resource.loader.ClasspathResourceLoader
2017-11-24 03:50:58,986 - Velocimacro : added VM includeLead: source=/templates/macros/page/lead.vm
2017-11-24 03:50:58,987 - ResourceManager : found /templates/macros/page/lead.vm with loader org.apache.velocity.runtime.resource.loader.ClasspathResourceLoader
2017-11-24 03:50:58,995 - Velocimacro : added VM includeStatsTable: source=/templates/macros/report/statsTable.vm
2017-11-24 03:50:58,995 - ResourceManager : found /templates/macros/report/statsTable.vm with loader org.apache.velocity.runtime.resource.loader.ClasspathResourceLoader
2017-11-24 03:50:58,997 - Velocimacro : added VM includeReportTable: source=/templates/macros/report/reportTable.vm
2017-11-24 03:50:58,997 - ResourceManager : found /templates/macros/report/reportTable.vm with loader org.apache.velocity.runtime.resource.loader.ClasspathResourceLoader
2017-11-24 03:50:58,998 - Velocimacro : added VM includeReportHeader: source=/templates/macros/report/reportHeader.vm
2017-11-24 03:50:58,998 - ResourceManager : found /templates/macros/report/reportHeader.vm with loader org.apache.velocity.runtime.resource.loader.ClasspathResourceLoader
2017-11-24 03:50:59,001 - Velocimacro : added VM includeElements: source=/templates/macros/report/elements.vm
2017-11-24 03:50:59,001 - ResourceManager : found /templates/macros/report/elements.vm with loader org.apache.velocity.runtime.resource.loader.ClasspathResourceLoader
2017-11-24 03:50:59,002 - Velocimacro : added VM includeBrief: source=/templates/macros/report/brief.vm
2017-11-24 03:50:59,002 - ResourceManager : found /templates/macros/report/brief.vm with loader org.apache.velocity.runtime.resource.loader.ClasspathResourceLoader
2017-11-24 03:50:59,004 - Velocimacro : added VM includeTags: source=/templates/macros/report/tags.vm
2017-11-24 03:50:59,005 - ResourceManager : found /templates/macros/report/tags.vm with loader org.apache.velocity.runtime.resource.loader.ClasspathResourceLoader
2017-11-24 03:50:59,007 - Velocimacro : added VM includeEmbeddings: source=/templates/macros/report/embeddings.vm
2017-11-24 03:50:59,007 - Velocimacro : added VM includeImageEmbedding: source=/templates/macros/report/embeddings.vm
2017-11-24 03:50:59,007 - Velocimacro : added VM includeMonochromeTextEmbedding: source=/templates/macros/report/embeddings.vm
2017-11-24 03:50:59,007 - Velocimacro : added VM includePlainTextEmbedding: source=/templates/macros/report/embeddings.vm
2017-11-24 03:50:59,009 - Velocimacro : added VM includeUnknownEmbedding: source=/templates/macros/report/embeddings.vm
2017-11-24 03:50:59,009 - Velocimacro : added VM includeExpandableEmbedding: source=/templates/macros/report/embeddings.vm
2017-11-24 03:50:59,010 - ResourceManager : found /templates/macros/report/embeddings.vm with loader org.apache.velocity.runtime.resource.loader.ClasspathResourceLoader
2017-11-24 03:50:59,011 - Velocimacro : added VM includeHooks: source=/templates/macros/report/hooks.vm
2017-11-24 03:50:59,011 - ResourceManager : found /templates/macros/report/hooks.vm with loader org.apache.velocity.runtime.resource.loader.ClasspathResourceLoader
2017-11-24 03:50:59,012 - Velocimacro : added VM includeDuration: source=/templates/macros/report/duration.vm
2017-11-24 03:50:59,012 - ResourceManager : found /templates/macros/report/duration.vm with loader org.apache.velocity.runtime.resource.loader.ClasspathResourceLoader
2017-11-24 03:50:59,018 - Velocimacro : added VM includeMessage: source=/templates/macros/report/message.vm
2017-11-24 03:50:59,019 - ResourceManager : found /templates/macros/report/message.vm with loader org.apache.velocity.runtime.resource.loader.ClasspathResourceLoader
2017-11-24 03:50:59,019 - VM #includeNavigation: too few arguments to macro. Wanted 1 got 0
2017-11-24 03:50:59,019 - Left side ($active_tab) of '==' operation has null value. If it is a reference, it may not be in the context or its toString() returned null. /templates/macros/page/navigation.vm[line 14, column 51]
2017-11-24 03:50:59,019 - Left side ($active_tab) of '==' operation has null value. If it is a reference, it may not be in the context or its toString() returned null. /templates/macros/page/navigation.vm[line 15, column 51]
2017-11-24 03:50:59,019 - Left side ($active_tab) of '==' operation has null value. If it is a reference, it may not be in the context or its toString() returned null. /templates/macros/page/navigation.vm[line 16, column 51]
2017-11-24 03:50:59,020 - VM #includeLead: too few arguments to macro. Wanted 2 got 1
2017-11-24 03:50:59,021 - VM #includeBrief: too few arguments to macro. Wanted 5 got 4
2017-11-24 03:50:59,021 - VM #includeBrief: too few arguments to macro. Wanted 5 got 4
2017-11-24 03:50:59,022 - VM #includeBrief: too few arguments to macro. Wanted 5 got 4
2017-11-24 03:50:59,042 - VM #includeBrief: too few arguments to macro. Wanted 5 got 4
2017-11-24 03:50:59,057 - VM #includeBrief: too few arguments to macro. Wanted 5 got 4
2017-11-24 03:50:59,059 - VM #includeBrief: too few arguments to macro. Wanted 5 got 4
2017-11-24 03:50:59,060 - VM #includeBrief: too few arguments to macro. Wanted 5 got 4
2017-11-24 03:50:59,066 - VM #includeBrief: too few arguments to macro. Wanted 5 got 4
2017-11-24 03:50:59,067 - ResourceManager : found /templates/footer.html with loader org.apache.velocity.runtime.resource.loader.ClasspathResourceLoader
2017-11-24 03:50:59,177 - Log4JLogChute initialized using file '.\Reports\GeneratdReports\Production\2017-11-24\velocity.log'
2017-11-24 03:50:59,177 - Initializing Velocity, Calling init()...
2017-11-24 03:50:59,177 - Starting Apache Velocity v1.7 (compiled: 2010-11-19 12:14:37)
2017-11-24 03:50:59,178 - Default Properties File: org\apache\velocity\runtime\defaults\velocity.properties
2017-11-24 03:50:59,178 - Trying to use logger class org.apache.velocity.runtime.log.AvalonLogChute
2017-11-24 03:50:59,178 - Target log system for org.apache.velocity.runtime.log.AvalonLogChute is not available (java.lang.NoClassDefFoundError: org/apache/log/format/Formatter).  Falling back to next log system...
2017-11-24 03:50:59,178 - Trying to use logger class org.apache.velocity.runtime.log.Log4JLogChute
2017-11-24 03:50:59,178 - Using logger class org.apache.velocity.runtime.log.Log4JLogChute
2017-11-24 03:50:59,178 - ResourceLoader instantiated: org.apache.velocity.runtime.resource.loader.ClasspathResourceLoader
2017-11-24 03:50:59,178 - ResourceCache: initialized (class org.apache.velocity.runtime.resource.ResourceCacheImpl) with class java.util.Collections$SynchronizedMap cache map.
2017-11-24 03:50:59,180 - Loaded System Directive: org.apache.velocity.runtime.directive.Stop
2017-11-24 03:50:59,180 - Loaded System Directive: org.apache.velocity.runtime.directive.Define
2017-11-24 03:50:59,180 - Loaded System Directive: org.apache.velocity.runtime.directive.Break
2017-11-24 03:50:59,180 - Loaded System Directive: org.apache.velocity.runtime.directive.Evaluate
2017-11-24 03:50:59,180 - Loaded System Directive: org.apache.velocity.runtime.directive.Literal
2017-11-24 03:50:59,180 - Loaded System Directive: org.apache.velocity.runtime.directive.Macro
2017-11-24 03:50:59,180 - Loaded System Directive: org.apache.velocity.runtime.directive.Parse
2017-11-24 03:50:59,180 - Loaded System Directive: org.apache.velocity.runtime.directive.Include
2017-11-24 03:50:59,180 - Loaded System Directive: org.apache.velocity.runtime.directive.Foreach
2017-11-24 03:50:59,181 - Created '20' parsers.
2017-11-24 03:50:59,181 - Velocimacro : "velocimacro.library" is not set.  Trying default library: VM_global_library.vm
2017-11-24 03:50:59,182 - Could not load resource 'VM_global_library.vm' from ResourceLoader org.apache.velocity.runtime.resource.loader.ClasspathResourceLoader: ClasspathResourceLoader Error: cannot find resource VM_global_library.vm
2017-11-24 03:50:59,182 - Velocimacro : Default library not found.
2017-11-24 03:50:59,182 - Velocimacro : allowInline = true : VMs can be defined inline in templates
2017-11-24 03:50:59,182 - Velocimacro : allowInlineToOverride = false : VMs defined inline may NOT replace previous VM definitions
2017-11-24 03:50:59,182 - Velocimacro : allowInlineLocal = false : VMs defined inline will be global in scope if allowed.
2017-11-24 03:50:59,182 - Velocimacro : autoload off : VM system will not automatically reload global library macros
2017-11-24 03:50:59,184 - ResourceManager : found templates/generators/stepsOverview.vm with loader org.apache.velocity.runtime.resource.loader.ClasspathResourceLoader
2017-11-24 03:50:59,192 - ResourceManager : found /templates/headers.vm with loader org.apache.velocity.runtime.resource.loader.ClasspathResourceLoader
2017-11-24 03:50:59,192 - ResourceManager : found /templates/head.html with loader org.apache.velocity.runtime.resource.loader.ClasspathResourceLoader
2017-11-24 03:50:59,194 - Velocimacro : added VM includeTitle: source=/templates/macros/page/title.vm
2017-11-24 03:50:59,194 - ResourceManager : found /templates/macros/page/title.vm with loader org.apache.velocity.runtime.resource.loader.ClasspathResourceLoader
2017-11-24 03:50:59,195 - Velocimacro : added VM includeNavigation: source=/templates/macros/page/navigation.vm
2017-11-24 03:50:59,195 - ResourceManager : found /templates/macros/page/navigation.vm with loader org.apache.velocity.runtime.resource.loader.ClasspathResourceLoader
2017-11-24 03:50:59,196 - Velocimacro : added VM includeBuildInfo: source=/templates/macros/page/buildinfo.vm
2017-11-24 03:50:59,196 - ResourceManager : found /templates/macros/page/buildinfo.vm with loader org.apache.velocity.runtime.resource.loader.ClasspathResourceLoader
2017-11-24 03:50:59,196 - Velocimacro : added VM includeLead: source=/templates/macros/page/lead.vm
2017-11-24 03:50:59,196 - ResourceManager : found /templates/macros/page/lead.vm with loader org.apache.velocity.runtime.resource.loader.ClasspathResourceLoader
2017-11-24 03:50:59,198 - Velocimacro : added VM includeStatsTable: source=/templates/macros/report/statsTable.vm
2017-11-24 03:50:59,198 - ResourceManager : found /templates/macros/report/statsTable.vm with loader org.apache.velocity.runtime.resource.loader.ClasspathResourceLoader
2017-11-24 03:50:59,199 - Velocimacro : added VM includeReportTable: source=/templates/macros/report/reportTable.vm
2017-11-24 03:50:59,199 - ResourceManager : found /templates/macros/report/reportTable.vm with loader org.apache.velocity.runtime.resource.loader.ClasspathResourceLoader
2017-11-24 03:50:59,200 - Velocimacro : added VM includeReportHeader: source=/templates/macros/report/reportHeader.vm
2017-11-24 03:50:59,200 - ResourceManager : found /templates/macros/report/reportHeader.vm with loader org.apache.velocity.runtime.resource.loader.ClasspathResourceLoader
2017-11-24 03:50:59,202 - Velocimacro : added VM includeElements: source=/templates/macros/report/elements.vm
2017-11-24 03:50:59,202 - ResourceManager : found /templates/macros/report/elements.vm with loader org.apache.velocity.runtime.resource.loader.ClasspathResourceLoader
2017-11-24 03:50:59,203 - Velocimacro : added VM includeBrief: source=/templates/macros/report/brief.vm
2017-11-24 03:50:59,203 - ResourceManager : found /templates/macros/report/brief.vm with loader org.apache.velocity.runtime.resource.loader.ClasspathResourceLoader
2017-11-24 03:50:59,204 - Velocimacro : added VM includeTags: source=/templates/macros/report/tags.vm
2017-11-24 03:50:59,204 - ResourceManager : found /templates/macros/report/tags.vm with loader org.apache.velocity.runtime.resource.loader.ClasspathResourceLoader
2017-11-24 03:50:59,205 - Velocimacro : added VM includeEmbeddings: source=/templates/macros/report/embeddings.vm
2017-11-24 03:50:59,205 - Velocimacro : added VM includeImageEmbedding: source=/templates/macros/report/embeddings.vm
2017-11-24 03:50:59,206 - Velocimacro : added VM includeMonochromeTextEmbedding: source=/templates/macros/report/embeddings.vm
2017-11-24 03:50:59,206 - Velocimacro : added VM includePlainTextEmbedding: source=/templates/macros/report/embeddings.vm
2017-11-24 03:50:59,206 - Velocimacro : added VM includeUnknownEmbedding: source=/templates/macros/report/embeddings.vm
2017-11-24 03:50:59,206 - Velocimacro : added VM includeExpandableEmbedding: source=/templates/macros/report/embeddings.vm
2017-11-24 03:50:59,206 - ResourceManager : found /templates/macros/report/embeddings.vm with loader org.apache.velocity.runtime.resource.loader.ClasspathResourceLoader
2017-11-24 03:50:59,207 - Velocimacro : added VM includeHooks: source=/templates/macros/report/hooks.vm
2017-11-24 03:50:59,208 - ResourceManager : found /templates/macros/report/hooks.vm with loader org.apache.velocity.runtime.resource.loader.ClasspathResourceLoader
2017-11-24 03:50:59,208 - Velocimacro : added VM includeDuration: source=/templates/macros/report/duration.vm
2017-11-24 03:50:59,208 - ResourceManager : found /templates/macros/report/duration.vm with loader org.apache.velocity.runtime.resource.loader.ClasspathResourceLoader
2017-11-24 03:50:59,209 - Velocimacro : added VM includeMessage: source=/templates/macros/report/message.vm
2017-11-24 03:50:59,209 - ResourceManager : found /templates/macros/report/message.vm with loader org.apache.velocity.runtime.resource.loader.ClasspathResourceLoader
2017-11-24 03:50:59,212 - ResourceManager : found /templates/footer.html with loader org.apache.velocity.runtime.resource.loader.ClasspathResourceLoader
tors/tagReport.vm with loader org.apache.velocity.runtime.resource.loader.ClasspathResourceLoader
2017-11-24 03:50:58,967 - ResourceManager : found /templates/headers.vm with loader org.apache.velocity.runtime.resource.loader.ClasspathResourceLoader
2017-11-24 03:50:58,967 - ResourceManager : found /templates/headers.vm with loader org.apache.velocity.runtime.resource.loader.ClasspathResourceLoader
2017-11-24 03:50:58,967 - ResourceManager : found /templates/headers.vm with loader org.apache.velocity.runtime.resource.loader.ClasspathResourceLoader
2017-11-24 03:50:58,967 - ResourceManager : found /templates/head.html with loader org.apache.velocity.runtime.resource.loader.ClasspathResourceLoader
2017-11-24 03:50:58,967 - ResourceManager : found /templates/head.html with loader org.apache.velocity.runtime.resource.loader.ClasspathResourceLoader
2017-11-24 03:50:58,967 - ResourceManager : found /templates/head.html with loader org.apache.velocity.runtime.resource.loader.ClasspathResourceLoader
2017-11-24 03:50:58,978 - Velocimacro : added VM includeTitle: source=/templates/macros/page/title.vm
2017-11-24 03:50:58,978 - Velocimacro : added VM includeTitle: source=/templates/macros/page/title.vm
2017-11-24 03:50:58,978 - Velocimacro : added VM includeTitle: source=/templates/macros/page/title.vm
2017-11-24 03:50:58,978 - ResourceManager : found /templates/macros/page/title.vm with loader org.apache.velocity.runtime.resource.loader.ClasspathResourceLoader
2017-11-24 03:50:58,978 - ResourceManager : found /templates/macros/page/title.vm with loader org.apache.velocity.runtime.resource.loader.ClasspathResourceLoader
2017-11-24 03:50:58,978 - ResourceManager : found /templates/macros/page/title.vm with loader org.apache.velocity.runtime.resource.loader.ClasspathResourceLoader
2017-11-24 03:50:58,981 - Velocimacro : added VM includeNavigation: source=/templates/macros/page/navigation.vm
2017-11-24 03:50:58,981 - Velocimacro : added VM includeNavigation: source=/templates/macros/page/navigation.vm
2017-11-24 03:50:58,981 - Velocimacro : added VM includeNavigation: source=/templates/macros/page/navigation.vm
2017-11-24 03:50:58,981 - ResourceManager : found /templates/macros/page/navigation.vm with loader org.apache.velocity.runtime.resource.loader.ClasspathResourceLoader
2017-11-24 03:50:58,981 - ResourceManager : found /templates/macros/page/navigation.vm with loader org.apache.velocity.runtime.resource.loader.ClasspathResourceLoader
2017-11-24 03:50:58,981 - ResourceManager : found /templates/macros/page/navigation.vm with loader org.apache.velocity.runtime.resource.loader.ClasspathResourceLoader
2017-11-24 03:50:58,982 - Velocimacro : added VM includeBuildInfo: source=/templates/macros/page/buildinfo.vm
2017-11-24 03:50:58,982 - Velocimacro : added VM includeBuildInfo: source=/templates/macros/page/buildinfo.vm
2017-11-24 03:50:58,982 - Velocimacro : added VM includeBuildInfo: source=/templates/macros/page/buildinfo.vm
2017-11-24 03:50:58,982 - ResourceManager : found /templates/macros/page/buildinfo.vm with loader org.apache.velocity.runtime.resource.loader.ClasspathResourceLoader
2017-11-24 03:50:58,982 - ResourceManager : found /templates/macros/page/buildinfo.vm with loader org.apache.velocity.runtime.resource.loader.ClasspathResourceLoader
2017-11-24 03:50:58,982 - ResourceManager : found /templates/macros/page/buildinfo.vm with loader org.apache.velocity.runtime.resource.loader.ClasspathResourceLoader
2017-11-24 03:50:58,986 - Velocimacro : added VM includeLead: source=/templates/macros/page/lead.vm
2017-11-24 03:50:58,986 - Velocimacro : added VM includeLead: source=/templates/macros/page/lead.vm
2017-11-24 03:50:58,986 - Velocimacro : added VM includeLead: source=/templates/macros/page/lead.vm
2017-11-24 03:50:58,987 - ResourceManager : found /templates/macros/page/lead.vm with loader org.apache.velocity.runtime.resource.loader.ClasspathResourceLoader
2017-11-24 03:50:58,987 - ResourceManager : found /templates/macros/page/lead.vm with loader org.apache.velocity.runtime.resource.loader.ClasspathResourceLoader
2017-11-24 03:50:58,987 - ResourceManager : found /templates/macros/page/lead.vm with loader org.apache.velocity.runtime.resource.loader.ClasspathResourceLoader
2017-11-24 03:50:58,995 - Velocimacro : added VM includeStatsTable: source=/templates/macros/report/statsTable.vm
2017-11-24 03:50:58,995 - Velocimacro : added VM includeStatsTable: source=/templates/macros/report/statsTable.vm
2017-11-24 03:50:58,995 - Velocimacro : added VM includeStatsTable: source=/templates/macros/report/statsTable.vm
2017-11-24 03:50:58,995 - ResourceManager : found /templates/macros/report/statsTable.vm with loader org.apache.velocity.runtime.resource.loader.ClasspathResourceLoader
2017-11-24 03:50:58,995 - ResourceManager : found /templates/macros/report/statsTable.vm with loader org.apache.velocity.runtime.resource.loader.ClasspathResourceLoader
2017-11-24 03:50:58,995 - ResourceManager : found /templates/macros/report/statsTable.vm with loader org.apache.velocity.runtime.resource.loader.ClasspathResourceLoader
2017-11-24 03:50:58,997 - Velocimacro : added VM includeReportTable: source=/templates/macros/report/reportTable.vm
2017-11-24 03:50:58,997 - Velocimacro : added VM includeReportTable: source=/templates/macros/report/reportTable.vm
2017-11-24 03:50:58,997 - Velocimacro : added VM includeReportTable: source=/templates/macros/report/reportTable.vm
2017-11-24 03:50:58,997 - ResourceManager : found /templates/macros/report/reportTable.vm with loader org.apache.velocity.runtime.resource.loader.ClasspathResourceLoader
2017-11-24 03:50:58,997 - ResourceManager : found /templates/macros/report/reportTable.vm with loader org.apache.velocity.runtime.resource.loader.ClasspathResourceLoader
2017-11-24 03:50:58,997 - ResourceManager : found /templates/macros/report/reportTable.vm with loader org.apache.velocity.runtime.resource.loader.ClasspathResourceLoader
2017-11-24 03:50:58,998 - Velocimacro : added VM includeReportHeader: source=/templates/macros/report/reportHeader.vm
2017-11-24 03:50:58,998 - Velocimacro : added VM includeReportHeader: source=/templates/macros/report/reportHeader.vm
2017-11-24 03:50:58,998 - Velocimacro : added VM includeReportHeader: source=/templates/macros/report/reportHeader.vm
2017-11-24 03:50:58,998 - ResourceManager : found /templates/macros/report/reportHeader.vm with loader org.apache.velocity.runtime.resource.loader.ClasspathResourceLoader
2017-11-24 03:50:58,998 - ResourceManager : found /templates/macros/report/reportHeader.vm with loader org.apache.velocity.runtime.resource.loader.ClasspathResourceLoader
2017-11-24 03:50:58,998 - ResourceManager : found /templates/macros/report/reportHeader.vm with loader org.apache.velocity.runtime.resource.loader.ClasspathResourceLoader
2017-11-24 03:50:59,001 - Velocimacro : added VM includeElements: source=/templates/macros/report/elements.vm
2017-11-24 03:50:59,001 - Velocimacro : added VM includeElements: source=/templates/macros/report/elements.vm
2017-11-24 03:50:59,001 - Velocimacro : added VM includeElements: source=/templates/macros/report/elements.vm
2017-11-24 03:50:59,001 - ResourceManager : found /templates/macros/report/elements.vm with loader org.apache.velocity.runtime.resource.loader.ClasspathResourceLoader
2017-11-24 03:50:59,001 - ResourceManager : found /templates/macros/report/elements.vm with loader org.apache.velocity.runtime.resource.loader.ClasspathResourceLoader
2017-11-24 03:50:59,001 - ResourceManager : found /templates/macros/report/elements.vm with loader org.apache.velocity.runtime.resource.loader.ClasspathResourceLoader
2017-11-24 03:50:59,002 - Velocimacro : added VM includeBrief: source=/templates/macros/report/brief.vm
2017-11-24 03:50:59,002 - Velocimacro : added VM includeBrief: source=/templates/macros/report/brief.vm
2017-11-24 03:50:59,002 - Velocimacro : added VM includeBrief: source=/templates/macros/report/brief.vm
2017-11-24 03:50:59,002 - ResourceManager : found /templates/macros/report/brief.vm with loader org.apache.velocity.runtime.resource.loader.ClasspathResourceLoader
2017-11-24 03:50:59,002 - ResourceManager : found /templates/macros/report/brief.vm with loader org.apache.velocity.runtime.resource.loader.ClasspathResourceLoader
2017-11-24 03:50:59,002 - ResourceManager : found /templates/macros/report/brief.vm with loader org.apache.velocity.runtime.resource.loader.ClasspathResourceLoader
2017-11-24 03:50:59,004 - Velocimacro : added VM includeTags: source=/templates/macros/report/tags.vm
2017-11-24 03:50:59,004 - Velocimacro : added VM includeTags: source=/templates/macros/report/tags.vm
2017-11-24 03:50:59,004 - Velocimacro : added VM includeTags: source=/templates/macros/report/tags.vm
2017-11-24 03:50:59,005 - ResourceManager : found /templates/macros/report/tags.vm with loader org.apache.velocity.runtime.resource.loader.ClasspathResourceLoader
2017-11-24 03:50:59,005 - ResourceManager : found /templates/macros/report/tags.vm with loader org.apache.velocity.runtime.resource.loader.ClasspathResourceLoader
2017-11-24 03:50:59,005 - ResourceManager : found /templates/macros/report/tags.vm with loader org.apache.velocity.runtime.resource.loader.ClasspathResourceLoader
2017-11-24 03:50:59,007 - Velocimacro : added VM includeEmbeddings: source=/templates/macros/report/embeddings.vm
2017-11-24 03:50:59,007 - Velocimacro : added VM includeEmbeddings: source=/templates/macros/report/embeddings.vm
2017-11-24 03:50:59,007 - Velocimacro : added VM includeEmbeddings: source=/templates/macros/report/embeddings.vm
2017-11-24 03:50:59,007 - Velocimacro : added VM includeImageEmbedding: source=/templates/macros/report/embeddings.vm
2017-11-24 03:50:59,007 - Velocimacro : added VM includeImageEmbedding: source=/templates/macros/report/embeddings.vm
2017-11-24 03:50:59,007 - Velocimacro : added VM includeImageEmbedding: source=/templates/macros/report/embeddings.vm
2017-11-24 03:50:59,007 - Velocimacro : added VM includeMonochromeTextEmbedding: source=/templates/macros/report/embeddings.vm
2017-11-24 03:50:59,007 - Velocimacro : added VM includeMonochromeTextEmbedding: source=/templates/macros/report/embeddings.vm
2017-11-24 03:50:59,007 - Velocimacro : added VM includeMonochromeTextEmbedding: source=/templates/macros/report/embeddings.vm
2017-11-24 03:50:59,007 - Velocimacro : added VM includePlainTextEmbedding: source=/templates/macros/report/embeddings.vm
2017-11-24 03:50:59,007 - Velocimacro : added VM includePlainTextEmbedding: source=/templates/macros/report/embeddings.vm
2017-11-24 03:50:59,007 - Velocimacro : added VM includePlainTextEmbedding: source=/templates/macros/report/embeddings.vm
2017-11-24 03:50:59,009 - Velocimacro : added VM includeUnknownEmbedding: source=/templates/macros/report/embeddings.vm
2017-11-24 03:50:59,009 - Velocimacro : added VM includeUnknownEmbedding: source=/templates/macros/report/embeddings.vm
2017-11-24 03:50:59,009 - Velocimacro : added VM includeUnknownEmbedding: source=/templates/macros/report/embeddings.vm
2017-11-24 03:50:59,009 - Velocimacro : added VM includeExpandableEmbedding: source=/templates/macros/report/embeddings.vm
2017-11-24 03:50:59,009 - Velocimacro : added VM includeExpandableEmbedding: source=/templates/macros/report/embeddings.vm
2017-11-24 03:50:59,009 - Velocimacro : added VM includeExpandableEmbedding: source=/templates/macros/report/embeddings.vm
2017-11-24 03:50:59,010 - ResourceManager : found /templates/macros/report/embeddings.vm with loader org.apache.velocity.runtime.resource.loader.ClasspathResourceLoader
2017-11-24 03:50:59,010 - ResourceManager : found /templates/macros/report/embeddings.vm with loader org.apache.velocity.runtime.resource.loader.ClasspathResourceLoader
2017-11-24 03:50:59,010 - ResourceManager : found /templates/macros/report/embeddings.vm with loader org.apache.velocity.runtime.resource.loader.ClasspathResourceLoader
2017-11-24 03:50:59,011 - Velocimacro : added VM includeHooks: source=/templates/macros/report/hooks.vm
2017-11-24 03:50:59,011 - Velocimacro : added VM includeHooks: source=/templates/macros/report/hooks.vm
2017-11-24 03:50:59,011 - Velocimacro : added VM includeHooks: source=/templates/macros/report/hooks.vm
2017-11-24 03:50:59,011 - ResourceManager : found /templates/macros/report/hooks.vm with loader org.apache.velocity.runtime.resource.loader.ClasspathResourceLoader
2017-11-24 03:50:59,011 - ResourceManager : found /templates/macros/report/hooks.vm with loader org.apache.velocity.runtime.resource.loader.ClasspathResourceLoader
2017-11-24 03:50:59,011 - ResourceManager : found /templates/macros/report/hooks.vm with loader org.apache.velocity.runtime.resource.loader.ClasspathResourceLoader
2017-11-24 03:50:59,012 - Velocimacro : added VM includeDuration: source=/templates/macros/report/duration.vm
2017-11-24 03:50:59,012 - Velocimacro : added VM includeDuration: source=/templates/macros/report/duration.vm
2017-11-24 03:50:59,012 - Velocimacro : added VM includeDuration: source=/templates/macros/report/duration.vm
2017-11-24 03:50:59,012 - ResourceManager : found /templates/macros/report/duration.vm with loader org.apache.velocity.runtime.resource.loader.ClasspathResourceLoader
2017-11-24 03:50:59,012 - ResourceManager : found /templates/macros/report/duration.vm with loader org.apache.velocity.runtime.resource.loader.ClasspathResourceLoader
2017-11-24 03:50:59,012 - ResourceManager : found /templates/macros/report/duration.vm with loader org.apache.velocity.runtime.resource.loader.ClasspathResourceLoader
2017-11-24 03:50:59,018 - Velocimacro : added VM includeMessage: source=/templates/macros/report/message.vm
2017-11-24 03:50:59,018 - Velocimacro : added VM includeMessage: source=/templates/macros/report/message.vm
2017-11-24 03:50:59,018 - Velocimacro : added VM includeMessage: source=/templates/macros/report/message.vm
2017-11-24 03:50:59,019 - ResourceManager : found /templates/macros/report/message.vm with loader org.apache.velocity.runtime.resource.loader.ClasspathResourceLoader
2017-11-24 03:50:59,019 - ResourceManager : found /templates/macros/report/message.vm with loader org.apache.velocity.runtime.resource.loader.ClasspathResourceLoader
2017-11-24 03:50:59,019 - ResourceManager : found /templates/macros/report/message.vm with loader org.apache.velocity.runtime.resource.loader.ClasspathResourceLoader
2017-11-24 03:50:59,019 - VM #includeNavigation: too few arguments to macro. Wanted 1 got 0
2017-11-24 03:50:59,019 - VM #includeNavigation: too few arguments to macro. Wanted 1 got 0
2017-11-24 03:50:59,019 - VM #includeNavigation: too few arguments to macro. Wanted 1 got 0
2017-11-24 03:50:59,019 - Left side ($active_tab) of '==' operation has null value. If it is a reference, it may not be in the context or its toString() returned null. /templates/macros/page/navigation.vm[line 14, column 51]
2017-11-24 03:50:59,019 - Left side ($active_tab) of '==' operation has null value. If it is a reference, it may not be in the context or its toString() returned null. /templates/macros/page/navigation.vm[line 14, column 51]
2017-11-24 03:50:59,019 - Left side ($active_tab) of '==' operation has null value. If it is a reference, it may not be in the context or its toString() returned null. /templates/macros/page/navigation.vm[line 14, column 51]
2017-11-24 03:50:59,019 - Left side ($active_tab) of '==' operation has null value. If it is a reference, it may not be in the context or its toString() returned null. /templates/macros/page/navigation.vm[line 15, column 51]
2017-11-24 03:50:59,019 - Left side ($active_tab) of '==' operation has null value. If it is a reference, it may not be in the context or its toString() returned null. /templates/macros/page/navigation.vm[line 15, column 51]
2017-11-24 03:50:59,019 - Left side ($active_tab) of '==' operation has null value. If it is a reference, it may not be in the context or its toString() returned null. /templates/macros/page/navigation.vm[line 15, column 51]
2017-11-24 03:50:59,019 - Left side ($active_tab) of '==' operation has null value. If it is a reference, it may not be in the context or its toString() returned null. /templates/macros/page/navigation.vm[line 16, column 51]
2017-11-24 03:50:59,019 - Left side ($active_tab) of '==' operation has null value. If it is a reference, it may not be in the context or its toString() returned null. /templates/macros/page/navigation.vm[line 16, column 51]
2017-11-24 03:50:59,019 - Left side ($active_tab) of '==' operation has null value. If it is a reference, it may not be in the context or its toString() returned null. /templates/macros/page/navigation.vm[line 16, column 51]
2017-11-24 03:50:59,020 - VM #includeLead: too few arguments to macro. Wanted 2 got 1
2017-11-24 03:50:59,020 - VM #includeLead: too few arguments to macro. Wanted 2 got 1
2017-11-24 03:50:59,020 - VM #includeLead: too few arguments to macro. Wanted 2 got 1
2017-11-24 03:50:59,021 - VM #includeBrief: too few arguments to macro. Wanted 5 got 4
2017-11-24 03:50:59,021 - VM #includeBrief: too few arguments to macro. Wanted 5 got 4
2017-11-24 03:50:59,021 - VM #includeBrief: too few arguments to macro. Wanted 5 got 4
2017-11-24 03:50:59,021 - VM #includeBrief: too few arguments to macro. Wanted 5 got 4
2017-11-24 03:50:59,021 - VM #includeBrief: too few arguments to macro. Wanted 5 got 4
2017-11-24 03:50:59,021 - VM #includeBrief: too few arguments to macro. Wanted 5 got 4
2017-11-24 03:50:59,022 - VM #includeBrief: too few arguments to macro. Wanted 5 got 4
2017-11-24 03:50:59,022 - VM #includeBrief: too few arguments to macro. Wanted 5 got 4
2017-11-24 03:50:59,022 - VM #includeBrief: too few arguments to macro. Wanted 5 got 4
2017-11-24 03:50:59,042 - VM #includeBrief: too few arguments to macro. Wanted 5 got 4
2017-11-24 03:50:59,042 - VM #includeBrief: too few arguments to macro. Wanted 5 got 4
2017-11-24 03:50:59,042 - VM #includeBrief: too few arguments to macro. Wanted 5 got 4
2017-11-24 03:50:59,057 - VM #includeBrief: too few arguments to macro. Wanted 5 got 4
2017-11-24 03:50:59,057 - VM #includeBrief: too few arguments to macro. Wanted 5 got 4
2017-11-24 03:50:59,057 - VM #includeBrief: too few arguments to macro. Wanted 5 got 4
2017-11-24 03:50:59,059 - VM #includeBrief: too few arguments to macro. Wanted 5 got 4
2017-11-24 03:50:59,059 - VM #includeBrief: too few arguments to macro. Wanted 5 got 4
2017-11-24 03:50:59,059 - VM #includeBrief: too few arguments to macro. Wanted 5 got 4
2017-11-24 03:50:59,060 - VM #includeBrief: too few arguments to macro. Wanted 5 got 4
2017-11-24 03:50:59,060 - VM #includeBrief: too few arguments to macro. Wanted 5 got 4
2017-11-24 03:50:59,060 - VM #includeBrief: too few arguments to macro. Wanted 5 got 4
2017-11-24 03:50:59,066 - VM #includeBrief: too few arguments to macro. Wanted 5 got 4
2017-11-24 03:50:59,066 - VM #includeBrief: too few arguments to macro. Wanted 5 got 4
2017-11-24 03:50:59,066 - VM #includeBrief: too few arguments to macro. Wanted 5 got 4
2017-11-24 03:50:59,067 - ResourceManager : found /templates/footer.html with loader org.apache.velocity.runtime.resource.loader.ClasspathResourceLoader
2017-11-24 03:50:59,067 - ResourceManager : found /templates/footer.html with loader org.apache.velocity.runtime.resource.loader.ClasspathResourceLoader
2017-11-24 03:50:59,067 - ResourceManager : found /templates/footer.html with loader org.apache.velocity.runtime.resource.loader.ClasspathResourceLoader
2017-11-24 03:50:59,177 - Log4JLogChute initialized using file '.\Reports\GeneratdReports\Production\2017-11-24\velocity.log'
2017-11-24 03:50:59,177 - Log4JLogChute initialized using file '.\Reports\GeneratdReports\Production\2017-11-24\velocity.log'
2017-11-24 03:50:59,177 - Log4JLogChute initialized using file '.\Reports\GeneratdReports\Production\2017-11-24\velocity.log'
2017-11-24 03:50:59,177 - Log4JLogChute initialized using file '.\Reports\GeneratdReports\Production\2017-11-24\velocity.log'
2017-11-24 03:50:59,177 - Initializing Velocity, Calling init()...
2017-11-24 03:50:59,177 - Initializing Velocity, Calling init()...
2017-11-24 03:50:59,177 - Initializing Velocity, Calling init()...
2017-11-24 03:50:59,177 - Initializing Velocity, Calling init()...
2017-11-24 03:50:59,177 - Starting Apache Velocity v1.7 (compiled: 2010-11-19 12:14:37)
2017-11-24 03:50:59,177 - Starting Apache Velocity v1.7 (compiled: 2010-11-19 12:14:37)
2017-11-24 03:50:59,177 - Starting Apache Velocity v1.7 (compiled: 2010-11-19 12:14:37)
2017-11-24 03:50:59,177 - Starting Apache Velocity v1.7 (compiled: 2010-11-19 12:14:37)
2017-11-24 03:50:59,178 - Default Properties File: org\apache\velocity\runtime\defaults\velocity.properties
2017-11-24 03:50:59,178 - Default Properties File: org\apache\velocity\runtime\defaults\velocity.properties
2017-11-24 03:50:59,178 - Default Properties File: org\apache\velocity\runtime\defaults\velocity.properties
2017-11-24 03:50:59,178 - Default Properties File: org\apache\velocity\runtime\defaults\velocity.properties
2017-11-24 03:50:59,178 - Trying to use logger class org.apache.velocity.runtime.log.AvalonLogChute
2017-11-24 03:50:59,178 - Trying to use logger class org.apache.velocity.runtime.log.AvalonLogChute
2017-11-24 03:50:59,178 - Trying to use logger class org.apache.velocity.runtime.log.AvalonLogChute
2017-11-24 03:50:59,178 - Trying to use logger class org.apache.velocity.runtime.log.AvalonLogChute
2017-11-24 03:50:59,178 - Target log system for org.apache.velocity.runtime.log.AvalonLogChute is not available (java.lang.NoClassDefFoundError: org/apache/log/format/Formatter).  Falling back to next log system...
2017-11-24 03:50:59,178 - Target log system for org.apache.velocity.runtime.log.AvalonLogChute is not available (java.lang.NoClassDefFoundError: org/apache/log/format/Formatter).  Falling back to next log system...
2017-11-24 03:50:59,178 - Target log system for org.apache.velocity.runtime.log.AvalonLogChute is not available (java.lang.NoClassDefFoundError: org/apache/log/format/Formatter).  Falling back to next log system...
2017-11-24 03:50:59,178 - Target log system for org.apache.velocity.runtime.log.AvalonLogChute is not available (java.lang.NoClassDefFoundError: org/apache/log/format/Formatter).  Falling back to next log system...
2017-11-24 03:50:59,178 - Trying to use logger class org.apache.velocity.runtime.log.Log4JLogChute
2017-11-24 03:50:59,178 - Trying to use logger class org.apache.velocity.runtime.log.Log4JLogChute
2017-11-24 03:50:59,178 - Trying to use logger class org.apache.velocity.runtime.log.Log4JLogChute
2017-11-24 03:50:59,178 - Trying to use logger class org.apache.velocity.runtime.log.Log4JLogChute
2017-11-24 03:50:59,178 - Using logger class org.apache.velocity.runtime.log.Log4JLogChute
2017-11-24 03:50:59,178 - Using logger class org.apache.velocity.runtime.log.Log4JLogChute
2017-11-24 03:50:59,178 - Using logger class org.apache.velocity.runtime.log.Log4JLogChute
2017-11-24 03:50:59,178 - Using logger class org.apache.velocity.runtime.log.Log4JLogChute
2017-11-24 03:50:59,178 - ResourceLoader instantiated: org.apache.velocity.runtime.resource.loader.ClasspathResourceLoader
2017-11-24 03:50:59,178 - ResourceLoader instantiated: org.apache.velocity.runtime.resource.loader.ClasspathResourceLoader
2017-11-24 03:50:59,178 - ResourceLoader instantiated: org.apache.velocity.runtime.resource.loader.ClasspathResourceLoader
2017-11-24 03:50:59,178 - ResourceLoader instantiated: org.apache.velocity.runtime.resource.loader.ClasspathResourceLoader
2017-11-24 03:50:59,178 - ResourceCache: initialized (class org.apache.velocity.runtime.resource.ResourceCacheImpl) with class java.util.Collections$SynchronizedMap cache map.
2017-11-24 03:50:59,178 - ResourceCache: initialized (class org.apache.velocity.runtime.resource.ResourceCacheImpl) with class java.util.Collections$SynchronizedMap cache map.
2017-11-24 03:50:59,178 - ResourceCache: initialized (class org.apache.velocity.runtime.resource.ResourceCacheImpl) with class java.util.Collections$SynchronizedMap cache map.
2017-11-24 03:50:59,178 - ResourceCache: initialized (class org.apache.velocity.runtime.resource.ResourceCacheImpl) with class java.util.Collections$SynchronizedMap cache map.
2017-11-24 03:50:59,180 - Loaded System Directive: org.apache.velocity.runtime.directive.Stop
2017-11-24 03:50:59,180 - Loaded System Directive: org.apache.velocity.runtime.directive.Stop
2017-11-24 03:50:59,180 - Loaded System Directive: org.apache.velocity.runtime.directive.Stop
2017-11-24 03:50:59,180 - Loaded System Directive: org.apache.velocity.runtime.directive.Stop
2017-11-24 03:50:59,180 - Loaded System Directive: org.apache.velocity.runtime.directive.Define
2017-11-24 03:50:59,180 - Loaded System Directive: org.apache.velocity.runtime.directive.Define
2017-11-24 03:50:59,180 - Loaded System Directive: org.apache.velocity.runtime.directive.Define
2017-11-24 03:50:59,180 - Loaded System Directive: org.apache.velocity.runtime.directive.Define
2017-11-24 03:50:59,180 - Loaded System Directive: org.apache.velocity.runtime.directive.Break
2017-11-24 03:50:59,180 - Loaded System Directive: org.apache.velocity.runtime.directive.Break
2017-11-24 03:50:59,180 - Loaded System Directive: org.apache.velocity.runtime.directive.Break
2017-11-24 03:50:59,180 - Loaded System Directive: org.apache.velocity.runtime.directive.Break
2017-11-24 03:50:59,180 - Loaded System Directive: org.apache.velocity.runtime.directive.Evaluate
2017-11-24 03:50:59,180 - Loaded System Directive: org.apache.velocity.runtime.directive.Evaluate
2017-11-24 03:50:59,180 - Loaded System Directive: org.apache.velocity.runtime.directive.Evaluate
2017-11-24 03:50:59,180 - Loaded System Directive: org.apache.velocity.runtime.directive.Evaluate
2017-11-24 03:50:59,180 - Loaded System Directive: org.apache.velocity.runtime.directive.Literal
2017-11-24 03:50:59,180 - Loaded System Directive: org.apache.velocity.runtime.directive.Literal
2017-11-24 03:50:59,180 - Loaded System Directive: org.apache.velocity.runtime.directive.Literal
2017-11-24 03:50:59,180 - Loaded System Directive: org.apache.velocity.runtime.directive.Literal
2017-11-24 03:50:59,180 - Loaded System Directive: org.apache.velocity.runtime.directive.Macro
2017-11-24 03:50:59,180 - Loaded System Directive: org.apache.velocity.runtime.directive.Macro
2017-11-24 03:50:59,180 - Loaded System Directive: org.apache.velocity.runtime.directive.Macro
2017-11-24 03:50:59,180 - Loaded System Directive: org.apache.velocity.runtime.directive.Macro
2017-11-24 03:50:59,180 - Loaded System Directive: org.apache.velocity.runtime.directive.Parse
2017-11-24 03:50:59,180 - Loaded System Directive: org.apache.velocity.runtime.directive.Parse
2017-11-24 03:50:59,180 - Loaded System Directive: org.apache.velocity.runtime.directive.Parse
2017-11-24 03:50:59,180 - Loaded System Directive: org.apache.velocity.runtime.directive.Parse
2017-11-24 03:50:59,180 - Loaded System Directive: org.apache.velocity.runtime.directive.Include
2017-11-24 03:50:59,180 - Loaded System Directive: org.apache.velocity.runtime.directive.Include
2017-11-24 03:50:59,180 - Loaded System Directive: org.apache.velocity.runtime.directive.Include
2017-11-24 03:50:59,180 - Loaded System Directive: org.apache.velocity.runtime.directive.Include
2017-11-24 03:50:59,180 - Loaded System Directive: org.apache.velocity.runtime.directive.Foreach
2017-11-24 03:50:59,180 - Loaded System Directive: org.apache.velocity.runtime.directive.Foreach
2017-11-24 03:50:59,180 - Loaded System Directive: org.apache.velocity.runtime.directive.Foreach
2017-11-24 03:50:59,180 - Loaded System Directive: org.apache.velocity.runtime.directive.Foreach
2017-11-24 03:50:59,181 - Created '20' parsers.
2017-11-24 03:50:59,181 - Created '20' parsers.
2017-11-24 03:50:59,181 - Created '20' parsers.
2017-11-24 03:50:59,181 - Created '20' parsers.
2017-11-24 03:50:59,181 - Velocimacro : "velocimacro.library" is not set.  Trying default library: VM_global_library.vm
2017-11-24 03:50:59,181 - Velocimacro : "velocimacro.library" is not set.  Trying default library: VM_global_library.vm
2017-11-24 03:50:59,181 - Velocimacro : "velocimacro.library" is not set.  Trying default library: VM_global_library.vm
2017-11-24 03:50:59,181 - Velocimacro : "velocimacro.library" is not set.  Trying default library: VM_global_library.vm
2017-11-24 03:50:59,182 - Could not load resource 'VM_global_library.vm' from ResourceLoader org.apache.velocity.runtime.resource.loader.ClasspathResourceLoader: ClasspathResourceLoader Error: cannot find resource VM_global_library.vm
2017-11-24 03:50:59,182 - Could not load resource 'VM_global_library.vm' from ResourceLoader org.apache.velocity.runtime.resource.loader.ClasspathResourceLoader: ClasspathResourceLoader Error: cannot find resource VM_global_library.vm
2017-11-24 03:50:59,182 - Could not load resource 'VM_global_library.vm' from ResourceLoader org.apache.velocity.runtime.resource.loader.ClasspathResourceLoader: ClasspathResourceLoader Error: cannot find resource VM_global_library.vm
2017-11-24 03:50:59,182 - Could not load resource 'VM_global_library.vm' from ResourceLoader org.apache.velocity.runtime.resource.loader.ClasspathResourceLoader: ClasspathResourceLoader Error: cannot find resource VM_global_library.vm
2017-11-24 03:50:59,182 - Velocimacro : Default library not found.
2017-11-24 03:50:59,182 - Velocimacro : Default library not found.
2017-11-24 03:50:59,182 - Velocimacro : Default library not found.
2017-11-24 03:50:59,182 - Velocimacro : Default library not found.
2017-11-24 03:50:59,182 - Velocimacro : allowInline = true : VMs can be defined inline in templates
2017-11-24 03:50:59,182 - Velocimacro : allowInline = true : VMs can be defined inline in templates
2017-11-24 03:50:59,182 - Velocimacro : allowInline = true : VMs can be defined inline in templates
2017-11-24 03:50:59,182 - Velocimacro : allowInline = true : VMs can be defined inline in templates
2017-11-24 03:50:59,182 - Velocimacro : allowInlineToOverride = false : VMs defined inline may NOT replace previous VM definitions
2017-11-24 03:50:59,182 - Velocimacro : allowInlineToOverride = false : VMs defined inline may NOT replace previous VM definitions
2017-11-24 03:50:59,182 - Velocimacro : allowInlineToOverride = false : VMs defined inline may NOT replace previous VM definitions
2017-11-24 03:50:59,182 - Velocimacro : allowInlineToOverride = false : VMs defined inline may NOT replace previous VM definitions
2017-11-24 03:50:59,182 - Velocimacro : allowInlineLocal = false : VMs defined inline will be global in scope if allowed.
2017-11-24 03:50:59,182 - Velocimacro : allowInlineLocal = false : VMs defined inline will be global in scope if allowed.
2017-11-24 03:50:59,182 - Velocimacro : allowInlineLocal = false : VMs defined inline will be global in scope if allowed.
2017-11-24 03:50:59,182 - Velocimacro : allowInlineLocal = false : VMs defined inline will be global in scope if allowed.
2017-11-24 03:50:59,182 - Velocimacro : autoload off : VM system will not automatically reload global library macros
2017-11-24 03:50:59,182 - Velocimacro : autoload off : VM system will not automatically reload global library macros
2017-11-24 03:50:59,182 - Velocimacro : autoload off : VM system will not automatically reload global library macros
2017-11-24 03:50:59,182 - Velocimacro : autoload off : VM system will not automatically reload global library macros
2017-11-24 03:50:59,184 - ResourceManager : found templates/generators/stepsOverview.vm with loader org.apache.velocity.runtime.resource.loader.ClasspathResourceLoader
2017-11-24 03:50:59,184 - ResourceManager : found templates/generators/stepsOverview.vm with loader org.apache.velocity.runtime.resource.loader.ClasspathResourceLoader
2017-11-24 03:50:59,184 - ResourceManager : found templates/generators/stepsOverview.vm with loader org.apache.velocity.runtime.resource.loader.ClasspathResourceLoader
2017-11-24 03:50:59,184 - ResourceManager : found templates/generators/stepsOverview.vm with loader org.apache.velocity.runtime.resource.loader.ClasspathResourceLoader
2017-11-24 03:50:59,192 - ResourceManager : found /templates/headers.vm with loader org.apache.velocity.runtime.resource.loader.ClasspathResourceLoader
2017-11-24 03:50:59,192 - ResourceManager : found /templates/headers.vm with loader org.apache.velocity.runtime.resource.loader.ClasspathResourceLoader
2017-11-24 03:50:59,192 - ResourceManager : found /templates/headers.vm with loader org.apache.velocity.runtime.resource.loader.ClasspathResourceLoader
2017-11-24 03:50:59,192 - ResourceManager : found /templates/headers.vm with loader org.apache.velocity.runtime.resource.loader.ClasspathResourceLoader
2017-11-24 03:50:59,192 - ResourceManager : found /templates/head.html with loader org.apache.velocity.runtime.resource.loader.ClasspathResourceLoader
2017-11-24 03:50:59,192 - ResourceManager : found /templates/head.html with loader org.apache.velocity.runtime.resource.loader.ClasspathResourceLoader
2017-11-24 03:50:59,192 - ResourceManager : found /templates/head.html with loader org.apache.velocity.runtime.resource.loader.ClasspathResourceLoader
2017-11-24 03:50:59,192 - ResourceManager : found /templates/head.html with loader org.apache.velocity.runtime.resource.loader.ClasspathResourceLoader
2017-11-24 03:50:59,194 - Velocimacro : added VM includeTitle: source=/templates/macros/page/title.vm
2017-11-24 03:50:59,194 - Velocimacro : added VM includeTitle: source=/templates/macros/page/title.vm
2017-11-24 03:50:59,194 - Velocimacro : added VM includeTitle: source=/templates/macros/page/title.vm
2017-11-24 03:50:59,194 - Velocimacro : added VM includeTitle: source=/templates/macros/page/title.vm
2017-11-24 03:50:59,194 - ResourceManager : found /templates/macros/page/title.vm with loader org.apache.velocity.runtime.resource.loader.ClasspathResourceLoader
2017-11-24 03:50:59,194 - ResourceManager : found /templates/macros/page/title.vm with loader org.apache.velocity.runtime.resource.loader.ClasspathResourceLoader
2017-11-24 03:50:59,194 - ResourceManager : found /templates/macros/page/title.vm with loader org.apache.velocity.runtime.resource.loader.ClasspathResourceLoader
2017-11-24 03:50:59,194 - ResourceManager : found /templates/macros/page/title.vm with loader org.apache.velocity.runtime.resource.loader.ClasspathResourceLoader
2017-11-24 03:50:59,195 - Velocimacro : added VM includeNavigation: source=/templates/macros/page/navigation.vm
2017-11-24 03:50:59,195 - Velocimacro : added VM includeNavigation: source=/templates/macros/page/navigation.vm
2017-11-24 03:50:59,195 - Velocimacro : added VM includeNavigation: source=/templates/macros/page/navigation.vm
2017-11-24 03:50:59,195 - Velocimacro : added VM includeNavigation: source=/templates/macros/page/navigation.vm
2017-11-24 03:50:59,195 - ResourceManager : found /templates/macros/page/navigation.vm with loader org.apache.velocity.runtime.resource.loader.ClasspathResourceLoader
2017-11-24 03:50:59,195 - ResourceManager : found /templates/macros/page/navigation.vm with loader org.apache.velocity.runtime.resource.loader.ClasspathResourceLoader
2017-11-24 03:50:59,195 - ResourceManager : found /templates/macros/page/navigation.vm with loader org.apache.velocity.runtime.resource.loader.ClasspathResourceLoader
2017-11-24 03:50:59,195 - ResourceManager : found /templates/macros/page/navigation.vm with loader org.apache.velocity.runtime.resource.loader.ClasspathResourceLoader
2017-11-24 03:50:59,196 - Velocimacro : added VM includeBuildInfo: source=/templates/macros/page/buildinfo.vm
2017-11-24 03:50:59,196 - Velocimacro : added VM includeBuildInfo: source=/templates/macros/page/buildinfo.vm
2017-11-24 03:50:59,196 - Velocimacro : added VM includeBuildInfo: source=/templates/macros/page/buildinfo.vm
2017-11-24 03:50:59,196 - Velocimacro : added VM includeBuildInfo: source=/templates/macros/page/buildinfo.vm
2017-11-24 03:50:59,196 - ResourceManager : found /templates/macros/page/buildinfo.vm with loader org.apache.velocity.runtime.resource.loader.ClasspathResourceLoader
2017-11-24 03:50:59,196 - ResourceManager : found /templates/macros/page/buildinfo.vm with loader org.apache.velocity.runtime.resource.loader.ClasspathResourceLoader
2017-11-24 03:50:59,196 - ResourceManager : found /templates/macros/page/buildinfo.vm with loader org.apache.velocity.runtime.resource.loader.ClasspathResourceLoader
2017-11-24 03:50:59,196 - ResourceManager : found /templates/macros/page/buildinfo.vm with loader org.apache.velocity.runtime.resource.loader.ClasspathResourceLoader
2017-11-24 03:50:59,196 - Velocimacro : added VM includeLead: source=/templates/macros/page/lead.vm
2017-11-24 03:50:59,196 - Velocimacro : added VM includeLead: source=/templates/macros/page/lead.vm
2017-11-24 03:50:59,196 - Velocimacro : added VM includeLead: source=/templates/macros/page/lead.vm
2017-11-24 03:50:59,196 - Velocimacro : added VM includeLead: source=/templates/macros/page/lead.vm
2017-11-24 03:50:59,196 - ResourceManager : found /templates/macros/page/lead.vm with loader org.apache.velocity.runtime.resource.loader.ClasspathResourceLoader
2017-11-24 03:50:59,196 - ResourceManager : found /templates/macros/page/lead.vm with loader org.apache.velocity.runtime.resource.loader.ClasspathResourceLoader
2017-11-24 03:50:59,196 - ResourceManager : found /templates/macros/page/lead.vm with loader org.apache.velocity.runtime.resource.loader.ClasspathResourceLoader
2017-11-24 03:50:59,196 - ResourceManager : found /templates/macros/page/lead.vm with loader org.apache.velocity.runtime.resource.loader.ClasspathResourceLoader
2017-11-24 03:50:59,198 - Velocimacro : added VM includeStatsTable: source=/templates/macros/report/statsTable.vm
2017-11-24 03:50:59,198 - Velocimacro : added VM includeStatsTable: source=/templates/macros/report/statsTable.vm
2017-11-24 03:50:59,198 - Velocimacro : added VM includeStatsTable: source=/templates/macros/report/statsTable.vm
2017-11-24 03:50:59,198 - Velocimacro : added VM includeStatsTable: source=/templates/macros/report/statsTable.vm
2017-11-24 03:50:59,198 - ResourceManager : found /templates/macros/report/statsTable.vm with loader org.apache.velocity.runtime.resource.loader.ClasspathResourceLoader
2017-11-24 03:50:59,198 - ResourceManager : found /templates/macros/report/statsTable.vm with loader org.apache.velocity.runtime.resource.loader.ClasspathResourceLoader
2017-11-24 03:50:59,198 - ResourceManager : found /templates/macros/report/statsTable.vm with loader org.apache.velocity.runtime.resource.loader.ClasspathResourceLoader
2017-11-24 03:50:59,198 - ResourceManager : found /templates/macros/report/statsTable.vm with loader org.apache.velocity.runtime.resource.loader.ClasspathResourceLoader
2017-11-24 03:50:59,199 - Velocimacro : added VM includeReportTable: source=/templates/macros/report/reportTable.vm
2017-11-24 03:50:59,199 - Velocimacro : added VM includeReportTable: source=/templates/macros/report/reportTable.vm
2017-11-24 03:50:59,199 - Velocimacro : added VM includeReportTable: source=/templates/macros/report/reportTable.vm
2017-11-24 03:50:59,199 - Velocimacro : added VM includeReportTable: source=/templates/macros/report/reportTable.vm
2017-11-24 03:50:59,199 - ResourceManager : found /templates/macros/report/reportTable.vm with loader org.apache.velocity.runtime.resource.loader.ClasspathResourceLoader
2017-11-24 03:50:59,199 - ResourceManager : found /templates/macros/report/reportTable.vm with loader org.apache.velocity.runtime.resource.loader.ClasspathResourceLoader
2017-11-24 03:50:59,199 - ResourceManager : found /templates/macros/report/reportTable.vm with loader org.apache.velocity.runtime.resource.loader.ClasspathResourceLoader
2017-11-24 03:50:59,199 - ResourceManager : found /templates/macros/report/reportTable.vm with loader org.apache.velocity.runtime.resource.loader.ClasspathResourceLoader
2017-11-24 03:50:59,200 - Velocimacro : added VM includeReportHeader: source=/templates/macros/report/reportHeader.vm
2017-11-24 03:50:59,200 - Velocimacro : added VM includeReportHeader: source=/templates/macros/report/reportHeader.vm
2017-11-24 03:50:59,200 - Velocimacro : added VM includeReportHeader: source=/templates/macros/report/reportHeader.vm
2017-11-24 03:50:59,200 - Velocimacro : added VM includeReportHeader: source=/templates/macros/report/reportHeader.vm
2017-11-24 03:50:59,200 - ResourceManager : found /templates/macros/report/reportHeader.vm with loader org.apache.velocity.runtime.resource.loader.ClasspathResourceLoader
2017-11-24 03:50:59,200 - ResourceManager : found /templates/macros/report/reportHeader.vm with loader org.apache.velocity.runtime.resource.loader.ClasspathResourceLoader
2017-11-24 03:50:59,200 - ResourceManager : found /templates/macros/report/reportHeader.vm with loader org.apache.velocity.runtime.resource.loader.ClasspathResourceLoader
2017-11-24 03:50:59,200 - ResourceManager : found /templates/macros/report/reportHeader.vm with loader org.apache.velocity.runtime.resource.loader.ClasspathResourceLoader
2017-11-24 03:50:59,202 - Velocimacro : added VM includeElements: source=/templates/macros/report/elements.vm
2017-11-24 03:50:59,202 - Velocimacro : added VM includeElements: source=/templates/macros/report/elements.vm
2017-11-24 03:50:59,202 - Velocimacro : added VM includeElements: source=/templates/macros/report/elements.vm
2017-11-24 03:50:59,202 - Velocimacro : added VM includeElements: source=/templates/macros/report/elements.vm
2017-11-24 03:50:59,202 - ResourceManager : found /templates/macros/report/elements.vm with loader org.apache.velocity.runtime.resource.loader.ClasspathResourceLoader
2017-11-24 03:50:59,202 - ResourceManager : found /templates/macros/report/elements.vm with loader org.apache.velocity.runtime.resource.loader.ClasspathResourceLoader
2017-11-24 03:50:59,202 - ResourceManager : found /templates/macros/report/elements.vm with loader org.apache.velocity.runtime.resource.loader.ClasspathResourceLoader
2017-11-24 03:50:59,202 - ResourceManager : found /templates/macros/report/elements.vm with loader org.apache.velocity.runtime.resource.loader.ClasspathResourceLoader
2017-11-24 03:50:59,203 - Velocimacro : added VM includeBrief: source=/templates/macros/report/brief.vm
2017-11-24 03:50:59,203 - Velocimacro : added VM includeBrief: source=/templates/macros/report/brief.vm
2017-11-24 03:50:59,203 - Velocimacro : added VM includeBrief: source=/templates/macros/report/brief.vm
2017-11-24 03:50:59,203 - Velocimacro : added VM includeBrief: source=/templates/macros/report/brief.vm
2017-11-24 03:50:59,203 - ResourceManager : found /templates/macros/report/brief.vm with loader org.apache.velocity.runtime.resource.loader.ClasspathResourceLoader
2017-11-24 03:50:59,203 - ResourceManager : found /templates/macros/report/brief.vm with loader org.apache.velocity.runtime.resource.loader.ClasspathResourceLoader
2017-11-24 03:50:59,203 - ResourceManager : found /templates/macros/report/brief.vm with loader org.apache.velocity.runtime.resource.loader.ClasspathResourceLoader
2017-11-24 03:50:59,203 - ResourceManager : found /templates/macros/report/brief.vm with loader org.apache.velocity.runtime.resource.loader.ClasspathResourceLoader
2017-11-24 03:50:59,204 - Velocimacro : added VM includeTags: source=/templates/macros/report/tags.vm
2017-11-24 03:50:59,204 - Velocimacro : added VM includeTags: source=/templates/macros/report/tags.vm
2017-11-24 03:50:59,204 - Velocimacro : added VM includeTags: source=/templates/macros/report/tags.vm
2017-11-24 03:50:59,204 - Velocimacro : added VM includeTags: source=/templates/macros/report/tags.vm
2017-11-24 03:50:59,204 - ResourceManager : found /templates/macros/report/tags.vm with loader org.apache.velocity.runtime.resource.loader.ClasspathResourceLoader
2017-11-24 03:50:59,204 - ResourceManager : found /templates/macros/report/tags.vm with loader org.apache.velocity.runtime.resource.loader.ClasspathResourceLoader
2017-11-24 03:50:59,204 - ResourceManager : found /templates/macros/report/tags.vm with loader org.apache.velocity.runtime.resource.loader.ClasspathResourceLoader
2017-11-24 03:50:59,204 - ResourceManager : found /templates/macros/report/tags.vm with loader org.apache.velocity.runtime.resource.loader.ClasspathResourceLoader
2017-11-24 03:50:59,205 - Velocimacro : added VM includeEmbeddings: source=/templates/macros/report/embeddings.vm
2017-11-24 03:50:59,205 - Velocimacro : added VM includeEmbeddings: source=/templates/macros/report/embeddings.vm
2017-11-24 03:50:59,205 - Velocimacro : added VM includeEmbeddings: source=/templates/macros/report/embeddings.vm
2017-11-24 03:50:59,205 - Velocimacro : added VM includeEmbeddings: source=/templates/macros/report/embeddings.vm
2017-11-24 03:50:59,205 - Velocimacro : added VM includeImageEmbedding: source=/templates/macros/report/embeddings.vm
2017-11-24 03:50:59,205 - Velocimacro : added VM includeImageEmbedding: source=/templates/macros/report/embeddings.vm
2017-11-24 03:50:59,205 - Velocimacro : added VM includeImageEmbedding: source=/templates/macros/report/embeddings.vm
2017-11-24 03:50:59,205 - Velocimacro : added VM includeImageEmbedding: source=/templates/macros/report/embeddings.vm
2017-11-24 03:50:59,206 - Velocimacro : added VM includeMonochromeTextEmbedding: source=/templates/macros/report/embeddings.vm
2017-11-24 03:50:59,206 - Velocimacro : added VM includeMonochromeTextEmbedding: source=/templates/macros/report/embeddings.vm
2017-11-24 03:50:59,206 - Velocimacro : added VM includeMonochromeTextEmbedding: source=/templates/macros/report/embeddings.vm
2017-11-24 03:50:59,206 - Velocimacro : added VM includeMonochromeTextEmbedding: source=/templates/macros/report/embeddings.vm
2017-11-24 03:50:59,206 - Velocimacro : added VM includePlainTextEmbedding: source=/templates/macros/report/embeddings.vm
2017-11-24 03:50:59,206 - Velocimacro : added VM includePlainTextEmbedding: source=/templates/macros/report/embeddings.vm
2017-11-24 03:50:59,206 - Velocimacro : added VM includePlainTextEmbedding: source=/templates/macros/report/embeddings.vm
2017-11-24 03:50:59,206 - Velocimacro : added VM includePlainTextEmbedding: source=/templates/macros/report/embeddings.vm
2017-11-24 03:50:59,206 - Velocimacro : added VM includeUnknownEmbedding: source=/templates/macros/report/embeddings.vm
2017-11-24 03:50:59,206 - Velocimacro : added VM includeUnknownEmbedding: source=/templates/macros/report/embeddings.vm
2017-11-24 03:50:59,206 - Velocimacro : added VM includeUnknownEmbedding: source=/templates/macros/report/embeddings.vm
2017-11-24 03:50:59,206 - Velocimacro : added VM includeUnknownEmbedding: source=/templates/macros/report/embeddings.vm
2017-11-24 03:50:59,206 - Velocimacro : added VM includeExpandableEmbedding: source=/templates/macros/report/embeddings.vm
2017-11-24 03:50:59,206 - Velocimacro : added VM includeExpandableEmbedding: source=/templates/macros/report/embeddings.vm
2017-11-24 03:50:59,206 - Velocimacro : added VM includeExpandableEmbedding: source=/templates/macros/report/embeddings.vm
2017-11-24 03:50:59,206 - Velocimacro : added VM includeExpandableEmbedding: source=/templates/macros/report/embeddings.vm
2017-11-24 03:50:59,206 - ResourceManager : found /templates/macros/report/embeddings.vm with loader org.apache.velocity.runtime.resource.loader.ClasspathResourceLoader
2017-11-24 03:50:59,206 - ResourceManager : found /templates/macros/report/embeddings.vm with loader org.apache.velocity.runtime.resource.loader.ClasspathResourceLoader
2017-11-24 03:50:59,206 - ResourceManager : found /templates/macros/report/embeddings.vm with loader org.apache.velocity.runtime.resource.loader.ClasspathResourceLoader
2017-11-24 03:50:59,206 - ResourceManager : found /templates/macros/report/embeddings.vm with loader org.apache.velocity.runtime.resource.loader.ClasspathResourceLoader
2017-11-24 03:50:59,207 - Velocimacro : added VM includeHooks: source=/templates/macros/report/hooks.vm
2017-11-24 03:50:59,207 - Velocimacro : added VM includeHooks: source=/templates/macros/report/hooks.vm
2017-11-24 03:50:59,207 - Velocimacro : added VM includeHooks: source=/templates/macros/report/hooks.vm
2017-11-24 03:50:59,207 - Velocimacro : added VM includeHooks: source=/templates/macros/report/hooks.vm
2017-11-24 03:50:59,208 - ResourceManager : found /templates/macros/report/hooks.vm with loader org.apache.velocity.runtime.resource.loader.ClasspathResourceLoader
2017-11-24 03:50:59,208 - ResourceManager : found /templates/macros/report/hooks.vm with loader org.apache.velocity.runtime.resource.loader.ClasspathResourceLoader
2017-11-24 03:50:59,208 - ResourceManager : found /templates/macros/report/hooks.vm with loader org.apache.velocity.runtime.resource.loader.ClasspathResourceLoader
2017-11-24 03:50:59,208 - ResourceManager : found /templates/macros/report/hooks.vm with loader org.apache.velocity.runtime.resource.loader.ClasspathResourceLoader
2017-11-24 03:50:59,208 - Velocimacro : added VM includeDuration: source=/templates/macros/report/duration.vm
2017-11-24 03:50:59,208 - Velocimacro : added VM includeDuration: source=/templates/macros/report/duration.vm
2017-11-24 03:50:59,208 - Velocimacro : added VM includeDuration: source=/templates/macros/report/duration.vm
2017-11-24 03:50:59,208 - Velocimacro : added VM includeDuration: source=/templates/macros/report/duration.vm
2017-11-24 03:50:59,208 - ResourceManager : found /templates/macros/report/duration.vm with loader org.apache.velocity.runtime.resource.loader.ClasspathResourceLoader
2017-11-24 03:50:59,208 - ResourceManager : found /templates/macros/report/duration.vm with loader org.apache.velocity.runtime.resource.loader.ClasspathResourceLoader
2017-11-24 03:50:59,208 - ResourceManager : found /templates/macros/report/duration.vm with loader org.apache.velocity.runtime.resource.loader.ClasspathResourceLoader
2017-11-24 03:50:59,208 - ResourceManager : found /templates/macros/report/duration.vm with loader org.apache.velocity.runtime.resource.loader.ClasspathResourceLoader
2017-11-24 03:50:59,209 - Velocimacro : added VM includeMessage: source=/templates/macros/report/message.vm
2017-11-24 03:50:59,209 - Velocimacro : added VM includeMessage: source=/templates/macros/report/message.vm
2017-11-24 03:50:59,209 - Velocimacro : added VM includeMessage: source=/templates/macros/report/message.vm
2017-11-24 03:50:59,209 - Velocimacro : added VM includeMessage: source=/templates/macros/report/message.vm
2017-11-24 03:50:59,209 - ResourceManager : found /templates/macros/report/message.vm with loader org.apache.velocity.runtime.resource.loader.ClasspathResourceLoader
2017-11-24 03:50:59,209 - ResourceManager : found /templates/macros/report/message.vm with loader org.apache.velocity.runtime.resource.loader.ClasspathResourceLoader
2017-11-24 03:50:59,209 - ResourceManager : found /templates/macros/report/message.vm with loader org.apache.velocity.runtime.resource.loader.ClasspathResourceLoader
2017-11-24 03:50:59,209 - ResourceManager : found /templates/macros/report/message.vm with loader org.apache.velocity.runtime.resource.loader.ClasspathResourceLoader
2017-11-24 03:50:59,212 - ResourceManager : found /templates/footer.html with loader org.apache.velocity.runtime.resource.loader.ClasspathResourceLoader
2017-11-24 03:50:59,212 - ResourceManager : found /templates/footer.html with loader org.apache.velocity.runtime.resource.loader.ClasspathResourceLoader
2017-11-24 03:50:59,212 - ResourceManager : found /templates/footer.html with loader org.apache.velocity.runtime.resource.loader.ClasspathResourceLoader
2017-11-24 03:50:59,212 - ResourceManager : found /templates/footer.html with loader org.apache.velocity.runtime.resource.loader.ClasspathResourceLoader
